[33m[*][39m Succesfully initialised [31mHTTP Server[39m.
[33m[*][39m Succesfully initialised [31mElectrum Wallet[39m[33m (BTC)[39m.
[33m[*][39m Succesfully initialised [31mMySQL[39m.
[33m[*][39m Succesfully initialised [31mCrash Game[39m
[32m[+][39m Crash game started! Total bets: 0
[31m[-][39m Crash game busted at [33m1.02[39mx
[33m[*][39m Succesfully initialised [31mSocket.IO[39m.
[33m[*][39m Succesfully initialised [31mHTTP Server[39m.
[33m[*][39m Succesfully initialised [31mElectrum Wallet[39m[33m (BTC)[39m.
[33m[*][39m Succesfully initialised [31mMySQL[39m.
[33m[*][39m Succesfully initialised [31mCrash Game[39m
[32m[+][39m Crash game started! Total bets: 0
[33m[*][39m Succesfully initialised [31mHTTP Server[39m.
[33m[*][39m Succesfully initialised [31mElectrum Wallet[39m[33m (BTC)[39m.
[33m[*][39m Succesfully initialised [31mMySQL[39m.
[33m[*][39m Succesfully initialised [31mHTTP Server[39m.
[33m[*][39m Succesfully initialised [31mElectrum Wallet[39m[33m (BTC)[39m.
[33m[*][39m Succesfully initialised [31mMySQL[39m.
[33m[*][39m Succesfully initialised [31mCrash Game[39m
[32m[+][39m Crash game started! Total bets: 0
[33m[*][39m Succesfully initialised [31mSocket.IO[39m.
[33m[*][39m Succesfully initialised [31mHTTP Server[39m.
[33m[*][39m Succesfully initialised [31mElectrum Wallet[39m[33m (BTC)[39m.
[33m[*][39m Succesfully initialised [31mCrash Game[39m
